#
# A fatal error has been detected by the Java Runtime Environment:
#
#  SIGSEGV (0xb) at pc=0x00000001270ab381, pid=1316, tid=775
#
# JRE version: Java(TM) SE Runtime Environment (8.0_20-b26) (build 1.8.0_20-b26)
# Java VM: Java HotSpot(TM) 64-Bit Server VM (25.20-b23 mixed mode bsd-amd64 compressed oops)
# Problematic frame:
# C  [libglass.dylib+0x16381]  GlassScreenDidChangeScreenParameters+0x21
#
# Failed to write core dump. Core dumps have been disabled. To enable core dumping, try "ulimit -c unlimited" before starting Java again
#
# If you would like to submit a bug report, please visit:
#   http://bugreport.sun.com/bugreport/crash.jsp
#

---------------  T H R E A D  ---------------

Current thread is native thread

siginfo: si_signo: 11 (SIGSEGV), si_code: 1 (SEGV_MAPERR), si_addr: 0x0000000000000000

Registers:
RAX=0x00000001270ddd48, RBX=0x0000000000000000, RCX=0x0000000000000103, RDX=0x0000000000012068
RSP=0x00007fff525135a0, RBP=0x00007fff525135b0, RSI=0x00007f81d6603738, RDI=0x0000000000000000
R8 =0x0000000000000040, R9 =0x00007fffc356e040, R10=0xffffffffffffffff, R11=0x0000000000012068
R12=0x0000000000000000, R13=0x00007f81d674f250, R14=0x00007f81db1684d0, R15=0x0000000000000000
RIP=0x00000001270ab381, EFLAGS=0x0000000000010246, ERR=0x0000000000000004
  TRAPNO=0x000000000000000e

Top of Stack: (sp=0x00007fff525135a0)
0x00007fff525135a0:   00007f81d674f290 00007f81db1684d0
0x00007fff525135b0:   00007fff525135c0 00007fffa4efb45c
0x00007fff525135c0:   00007fff52513630 00007fffa4efb35b
0x00007fff525135d0:   000000010d704000 00007fffc3569060
0x00007fff525135e0:   00000000c2000000 00007fffa4efb3b0
0x00007fff525135f0:   00007fffbfdde680 00007f81d674f250
0x00007fff52513600:   00007f81db1684d0 00007fff52513df8
0x00007fff52513610:   00007fffb9d79040 00007fff52513700
0x00007fff52513620:   00007f81d674f250 00007fffa35fd05a
0x00007fff52513630:   00007fff52513670 00007fffa4efb0c2
0x00007fff52513640:   00007fff52513c40 0000000000000000
0x00007fff52513650:   00007fffb9d79040 00007fff52513700
0x00007fff52513660:   00007fff52513df8 00007fffa35fd05a
0x00007fff52513670:   00007fff52513d90 00007fffa4eb8523
0x00007fff52513680:   00007fff525136a0 00007fffa4e7a870
0x00007fff52513690:   00007f81d6643150 00007fff52513ce0
0x00007fff525136a0:   00007f81d6514a00 00007fffbfddfcb0
0x00007fff525136b0:   0000000000000000 00007f81d795a048
0x00007fff525136c0:   00007f81d6514a01 00007f81d653bfe0
0x00007fff525136d0:   00007fffbff120e0 0000000000000000
0x00007fff525136e0:   00007f81d674f2c0 0000000000000000
0x00007fff525136f0:   0000000000000000 00007fffbfe1e900
0x00007fff52513700:   00007fff52513c40 0000000000000001
0x00007fff52513710:   0000000000000100 00007fff52513700
0x00007fff52513720:   00007fff52513b40 0000000000000000
0x00007fff52513730:   0000000000000100 00007fffbfe1fe00
0x00007fff52513740:   00007fff52513ce0 0000000000000001
0x00007fff52513750:   00007fff52513790 00007fffa4eb31cc
0x00007fff52513760:   000000000000000d 00007f81d6643150
0x00007fff52513770:   00007f81d6643150 00007fffbfe1fe80
0x00007fff52513780:   00007f81d6702020 0000000000000001
0x00007fff52513790:   00007fff52513e10 00007fffa4eb2ce9 

Instructions: (pc=0x00000001270ab381)
0x00000001270ab361:   48 89 e5 41 56 53 48 8d 05 d2 2a 03 00 48 83 38
0x00000001270ab371:   00 48 89 fb 75 72 48 8d 05 ca 29 03 00 48 8b 30
0x00000001270ab381:   48 8b 03 48 8d 15 7c 99 01 00 48 8d 0d 5e 6f 01
0x00000001270ab391:   00 48 89 df ff 90 88 03 00 00 48 8d 0d 9e 2a 03 

Register to memory mapping:

RAX=0x00000001270ddd48: jScreenClass+0 in /Library/Java/JavaVirtualMachines/jdk1.8.0_20.jdk/Contents/Home/jre/lib/libglass.dylib at 0x0000000127095000
RBX=0x0000000000000000 is an unknown value
RCX=0x0000000000000103 is an unknown value
RDX=0x0000000000012068 is an unknown value
RSP=0x00007fff525135a0 is an unknown value
RBP=0x00007fff525135b0 is an unknown value
RSI=0x00007f81d6603738 is a global jni handle
RDI=0x0000000000000000 is an unknown value
R8 =0x0000000000000040 is an unknown value
R9 =0x00007fffc356e040: __sFX+0x1c0 in /usr/lib/system/libsystem_c.dylib at 0x00007fffba6a2000
R10=0xffffffffffffffff is an unknown value
R11=0x0000000000012068 is an unknown value
R12=0x0000000000000000 is an unknown value
R13=0x00007f81d674f250 is an unknown value
R14=0x00007f81db1684d0 is an unknown value
R15=0x0000000000000000 is an unknown value


Stack: [0x00007fff51d17000,0x00007fff52517000],  sp=0x00007fff525135a0,  free space=8177k
Native frames: (J=compiled Java code, j=interpreted, Vv=VM code, C=native code)
C  [libglass.dylib+0x16381]  GlassScreenDidChangeScreenParameters+0x21
C  [CoreFoundation+0x9d45c]  __CFNOTIFICATIONCENTER_IS_CALLING_OUT_TO_AN_OBSERVER__+0xc
C  [CoreFoundation+0x9d35b]  _CFXRegistrationPost+0x1ab
C  [CoreFoundation+0x9d0c2]  ___CFXNotificationPost_block_invoke+0x32
C  [CoreFoundation+0x5a523]  -[_CFXNotificationRegistrar find:object:observer:enumerator:]+0x723
C  [CoreFoundation+0x5955c]  _CFXNotificationPost+0x25c
C  [Foundation+0x6677]  -[NSNotificationCenter postNotificationName:object:userInfo:]+0x42
C  [AppKit+0x3f0ba2]  -[NSApplication _reactToScreenInvalidationImmediately:]+0x18f
C  [AppKit+0x3f09df]  __44-[NSApplication _reactToScreenInvalidation:]_block_invoke+0x3b
C  [CoreFoundation+0xa717c]  __CFRUNLOOP_IS_CALLING_OUT_TO_A_BLOCK__+0xc
C  [CoreFoundation+0x87f84]  __CFRunLoopDoBlocks+0x164
C  [CoreFoundation+0x87ac6]  __CFRunLoopRun+0x756
C  [CoreFoundation+0x87114]  CFRunLoopRunSpecific+0x1a4
C  [java+0x56cc]  CreateExecutionEnvironment+0x367
C  [java+0x165c]  JLI_Launch+0x7a0
C  [java+0x768a]  main+0x65
C  [java+0xeb4]  start+0x34


---------------  P R O C E S S  ---------------

VM state:at safepoint (normal execution)

VM Mutex/Monitor currently owned by a thread:  ([mutex/lock_event])
[0x00007f81d6705310] Threads_lock - owner thread: 0x00007f81d8029000
[0x00007f81d6705810] Heap_lock - owner thread: 0x00007f81d7001800

Heap:
 PSYoungGen      total 38400K, used 20831K [0x0000000795580000, 0x0000000798000000, 0x00000007c0000000)
  eden space 33280K, 47% used [0x0000000795580000,0x00000007964dc740,0x0000000797600000)
  from space 5120K, 99% used [0x0000000797600000,0x0000000797afb7b8,0x0000000797b00000)
  to   space 5120K, 0% used [0x0000000797b00000,0x0000000797b00000,0x0000000798000000)
 ParOldGen       total 87552K, used 808K [0x0000000740000000, 0x0000000745580000, 0x0000000795580000)
  object space 87552K, 0% used [0x0000000740000000,0x00000007400ca0b8,0x0000000745580000)
 Metaspace       used 18153K, capacity 18770K, committed 18944K, reserved 1064960K
  class space    used 2588K, capacity 2738K, committed 2816K, reserved 1048576K

Card table byte_map: [0x000000010f2db000,0x000000010f6dc000] byte_map_base: 0x000000010b8db000

Marking Bits: (ParMarkBitMap*) 0x000000010e89c330
 Begin Bits: [0x000000011f6c5000, 0x00000001216c5000)
 End Bits:   [0x00000001216c5000, 0x00000001236c5000)

Polling page: 0x000000010d7a7000

CodeCache: size=245760Kb used=4213Kb max_used=4213Kb free=241546Kb
 bounds [0x00000001106c5000, 0x0000000110ae5000, 0x000000011f6c5000]
 total_blobs=1864 nmethods=1215 adapters=563
 compilation: enabled

Compilation events (10 events):
Event: 65.449 Thread 0x00007f81d800b000 1212       1       java.util.logging.LogManager::access$500 (5 bytes)
Event: 65.449 Thread 0x00007f81d800b000 nmethod 1212 0x0000000110ae0150 code [0x0000000110ae02a0, 0x0000000110ae0390]
Event: 65.450 Thread 0x00007f81d800b000 1213   !   3       java.util.logging.LogManager::ensureLogManagerInitialized (128 bytes)
Event: 65.450 Thread 0x00007f81d800b000 nmethod 1213 0x0000000110ae3850 code [0x0000000110ae3a00, 0x0000000110ae4088]
Event: 65.450 Thread 0x00007f81d800b000 1214  s    3       java.util.Hashtable::put (104 bytes)
Event: 65.450 Thread 0x00007f81d800b000 nmethod 1214 0x0000000110ae2b10 code [0x0000000110ae2ce0, 0x0000000110ae3478]
Event: 65.451 Thread 0x00007f81d800b000 1215       3       java.util.regex.Pattern$GroupHead::match (47 bytes)
Event: 65.451 Thread 0x00007f81d800b000 nmethod 1215 0x0000000110ae4290 code [0x0000000110ae4400, 0x0000000110ae46a8]
Event: 65.451 Thread 0x00007f81d800b000 1216       3       java.util.regex.Matcher::groupCount (10 bytes)
Event: 65.451 Thread 0x00007f81d800b000 nmethod 1216 0x0000000110adfdd0 code [0x0000000110adff40, 0x0000000110ae00b0]

GC Heap History (2 events):
Event: 0.933 GC heap before
{Heap before GC invocations=1 (full 0):
 PSYoungGen      total 38400K, used 33280K [0x0000000795580000, 0x0000000798000000, 0x00000007c0000000)
  eden space 33280K, 100% used [0x0000000795580000,0x0000000797600000,0x0000000797600000)
  from space 5120K, 0% used [0x0000000797b00000,0x0000000797b00000,0x0000000798000000)
  to   space 5120K, 0% used [0x0000000797600000,0x0000000797600000,0x0000000797b00000)
 ParOldGen       total 87552K, used 0K [0x0000000740000000, 0x0000000745580000, 0x0000000795580000)
  object space 87552K, 0% used [0x0000000740000000,0x0000000740000000,0x0000000745580000)
 Metaspace       used 13493K, capacity 13854K, committed 14208K, reserved 1060864K
  class space    used 1715K, capacity 1810K, committed 1920K, reserved 1048576K
Event: 0.941 GC heap after
Heap after GC invocations=1 (full 0):
 PSYoungGen      total 38400K, used 5101K [0x0000000795580000, 0x0000000798000000, 0x00000007c0000000)
  eden space 33280K, 0% used [0x0000000795580000,0x0000000795580000,0x0000000797600000)
  from space 5120K, 99% used [0x0000000797600000,0x0000000797afb7b8,0x0000000797b00000)
  to   space 5120K, 0% used [0x0000000797b00000,0x0000000797b00000,0x0000000798000000)
 ParOldGen       total 87552K, used 808K [0x0000000740000000, 0x0000000745580000, 0x0000000795580000)
  object space 87552K, 0% used [0x0000000740000000,0x00000007400ca0b8,0x0000000745580000)
 Metaspace       used 13493K, capacity 13854K, committed 14208K, reserved 1060864K
  class space    used 1715K, capacity 1810K, committed 1920K, reserved 1048576K
}

Deoptimization events (10 events):
Event: 1.025 Thread 0x00007f81d7956800 Uncommon trap: reason=unreached action=reinterpret pc=0x0000000110a16968 method=java.util.HashMap.hash(Ljava/lang/Object;)I @ 1
Event: 1.096 Thread 0x00007f81d7956800 Uncommon trap: reason=class_check action=maybe_recompile pc=0x00000001109eba10 method=java.io.DataInputStream.readShort()S @ 4
Event: 1.097 Thread 0x00007f81d7956800 Uncommon trap: reason=class_check action=maybe_recompile pc=0x00000001109eba10 method=java.io.DataInputStream.readShort()S @ 4
Event: 1.097 Thread 0x00007f81d7956800 Uncommon trap: reason=class_check action=maybe_recompile pc=0x00000001109eba10 method=java.io.DataInputStream.readShort()S @ 4
Event: 1.097 Thread 0x00007f81d7956800 Uncommon trap: reason=class_check action=maybe_recompile pc=0x00000001109eba10 method=java.io.DataInputStream.readShort()S @ 4
Event: 1.102 Thread 0x00007f81d7956800 Uncommon trap: reason=class_check action=maybe_recompile pc=0x00000001107e581c method=java.lang.String.equals(Ljava/lang/Object;)Z @ 8
Event: 1.102 Thread 0x00007f81d7956800 Uncommon trap: reason=class_check action=maybe_recompile pc=0x00000001107e581c method=java.lang.String.equals(Ljava/lang/Object;)Z @ 8
Event: 1.102 Thread 0x00007f81d7956800 Uncommon trap: reason=class_check action=maybe_recompile pc=0x00000001107e581c method=java.lang.String.equals(Ljava/lang/Object;)Z @ 8
Event: 1.104 Thread 0x00007f81d7956800 Uncommon trap: reason=class_check action=maybe_recompile pc=0x00000001107e581c method=java.lang.String.equals(Ljava/lang/Object;)Z @ 8
Event: 1.371 Thread 0x00007f81d7956800 Uncommon trap: reason=unloaded action=reinterpret pc=0x00000001108c9c58 method=java.lang.CharacterData.of(I)Ljava/lang/CharacterData; @ 96

Internal exceptions (10 events):
Event: 0.900 Thread 0x00007f81d7956800 Exception <a 'java/security/PrivilegedActionException'> (0x00000007973c8c08) thrown at [/HUDSON3/workspace/8-2-build-macosx-x86_64/jdk8u20/1074/hotspot/src/share/vm/prims/jvm.cpp, line 1275]
Event: 0.902 Thread 0x00007f81d7956800 Exception <a 'java/security/PrivilegedActionException'> (0x00000007973d18d0) thrown at [/HUDSON3/workspace/8-2-build-macosx-x86_64/jdk8u20/1074/hotspot/src/share/vm/prims/jvm.cpp, line 1275]
Event: 0.902 Thread 0x00007f81d7956800 Exception <a 'java/security/PrivilegedActionException'> (0x00000007973d3c50) thrown at [/HUDSON3/workspace/8-2-build-macosx-x86_64/jdk8u20/1074/hotspot/src/share/vm/prims/jvm.cpp, line 1275]
Event: 0.902 Thread 0x00007f81d7956800 Exception <a 'java/security/PrivilegedActionException'> (0x00000007973d6d50) thrown at [/HUDSON3/workspace/8-2-build-macosx-x86_64/jdk8u20/1074/hotspot/src/share/vm/prims/jvm.cpp, line 1275]
Event: 0.902 Thread 0x00007f81d7956800 Exception <a 'java/security/PrivilegedActionException'> (0x00000007973d91b0) thrown at [/HUDSON3/workspace/8-2-build-macosx-x86_64/jdk8u20/1074/hotspot/src/share/vm/prims/jvm.cpp, line 1275]
Event: 1.025 Thread 0x00007f81d7956800 Implicit null exception at 0x0000000110a1635b to 0x0000000110a1694d
Event: 1.044 Thread 0x00007f81d7956800 Exception <a 'java/security/PrivilegedActionException'> (0x0000000795a91228) thrown at [/HUDSON3/workspace/8-2-build-macosx-x86_64/jdk8u20/1074/hotspot/src/share/vm/prims/jvm.cpp, line 1275]
Event: 1.045 Thread 0x00007f81d7956800 Exception <a 'java/security/PrivilegedActionException'> (0x0000000795aa63e0) thrown at [/HUDSON3/workspace/8-2-build-macosx-x86_64/jdk8u20/1074/hotspot/src/share/vm/prims/jvm.cpp, line 1275]
Event: 1.046 Thread 0x00007f81d7956800 Exception <a 'java/security/PrivilegedActionException'> (0x0000000795ac5eb0) thrown at [/HUDSON3/workspace/8-2-build-macosx-x86_64/jdk8u20/1074/hotspot/src/share/vm/prims/jvm.cpp, line 1275]
Event: 65.451 Thread 0x00007f81d7956800 Exception <a 'java/security/PrivilegedActionException'> (0x00000007964c4f48) thrown at [/HUDSON3/workspace/8-2-build-macosx-x86_64/jdk8u20/1074/hotspot/src/share/vm/prims/jvm.cpp, line 1275]

Events (10 events):
Event: 65.449 Thread 0x00007f81d7956800 Thread added: 0x00007f81d7956800
Event: 65.449 Thread 0x00007f81d7151800 Thread exited: 0x00007f81d7151800
Event: 65.450 loading class java/util/concurrent/ConcurrentHashMap$EntryIterator
Event: 65.451 loading class java/util/concurrent/ConcurrentHashMap$EntryIterator done
Event: 65.451 loading class java/util/concurrent/ConcurrentHashMap$MapEntry
Event: 65.451 loading class java/util/concurrent/ConcurrentHashMap$MapEntry done
Event: 65.451 loading class org/apache/logging/log4j/core/util/ExecutorServices
Event: 65.451 loading class org/apache/logging/log4j/core/util/ExecutorServices done
Event: 65.451 Thread 0x00007f81d7956800 Thread exited: 0x00007f81d7956800
Event: 65.451 Thread 0x00007f81d7001800 Thread exited: 0x00007f81d7001800


Dynamic libraries:
0x000000002fae7000 	/System/Library/Frameworks/Cocoa.framework/Versions/A/Cocoa
0x000000002fae7000 	/System/Library/Frameworks/Security.framework/Versions/A/Security
0x000000002fae7000 	/System/Library/Frameworks/ApplicationServices.framework/Versions/A/ApplicationServices
0x000000002fae7000 	/usr/lib/libz.1.dylib
0x000000002fae7000 	/usr/lib/libSystem.B.dylib
0x000000002fae7000 	/usr/lib/libobjc.A.dylib
0x000000002fae7000 	/System/Library/Frameworks/CoreFoundation.framework/Versions/A/CoreFoundation
0x000000002fae7000 	/System/Library/Frameworks/Foundation.framework/Versions/C/Foundation
0x000000002fae7000 	/System/Library/Frameworks/AppKit.framework/Versions/C/AppKit
0x000000002fae7000 	/System/Library/Frameworks/CoreData.framework/Versions/A/CoreData
0x000000002fae7000 	/System/Library/PrivateFrameworks/RemoteViewServices.framework/Versions/A/RemoteViewServices
0x000000002fae7000 	/System/Library/PrivateFrameworks/UIFoundation.framework/Versions/A/UIFoundation
0x000000002fae7000 	/System/Library/PrivateFrameworks/DFRFoundation.framework/Versions/A/DFRFoundation
0x000000002fae7000 	/usr/lib/libenergytrace.dylib
0x000000002fae7000 	/System/Library/PrivateFrameworks/SkyLight.framework/Versions/A/SkyLight
0x000000002fae7000 	/System/Library/Frameworks/CoreGraphics.framework/Versions/A/CoreGraphics
0x000000002fae7000 	/usr/lib/libScreenReader.dylib
0x000000002fae7000 	/System/Library/Frameworks/Accelerate.framework/Versions/A/Accelerate
0x000000002fae7000 	/System/Library/Frameworks/IOSurface.framework/Versions/A/IOSurface
0x000000002fae7000 	/System/Library/Frameworks/AudioToolbox.framework/Versions/A/AudioToolbox
0x000000002fae7000 	/System/Library/Frameworks/AudioUnit.framework/Versions/A/AudioUnit
0x000000002fae7000 	/System/Library/PrivateFrameworks/DataDetectorsCore.framework/Versions/A/DataDetectorsCore
0x000000002fae7000 	/System/Library/PrivateFrameworks/DesktopServicesPriv.framework/Versions/A/DesktopServicesPriv
0x000000002fae7000 	/System/Library/Frameworks/Carbon.framework/Versions/A/Frameworks/HIToolbox.framework/Versions/A/HIToolbox
0x000000002fae7000 	/usr/lib/libicucore.A.dylib
0x000000002fae7000 	/System/Library/Frameworks/QuartzCore.framework/Versions/A/QuartzCore
0x000000002fae7000 	/System/Library/Frameworks/Carbon.framework/Versions/A/Frameworks/SpeechRecognition.framework/Versions/A/SpeechRecognition
0x000000002fae7000 	/usr/lib/libauto.dylib
0x000000002fae7000 	/usr/lib/libxml2.2.dylib
0x000000002fae7000 	/System/Library/PrivateFrameworks/CoreUI.framework/Versions/A/CoreUI
0x000000002fae7000 	/System/Library/Frameworks/CoreAudio.framework/Versions/A/CoreAudio
0x000000002fae7000 	/System/Library/Frameworks/DiskArbitration.framework/Versions/A/DiskArbitration
0x000000002fae7000 	/usr/lib/liblangid.dylib
0x000000002fae7000 	/System/Library/PrivateFrameworks/MultitouchSupport.framework/Versions/A/MultitouchSupport
0x000000002fae7000 	/System/Library/Frameworks/IOKit.framework/Versions/A/IOKit
0x000000002fae7000 	/usr/lib/libDiagnosticMessagesClient.dylib
0x000000002fae7000 	/System/Library/Frameworks/CoreServices.framework/Versions/A/CoreServices
0x000000002fae7000 	/System/Library/PrivateFrameworks/PerformanceAnalysis.framework/Versions/A/PerformanceAnalysis
0x000000002fae7000 	/System/Library/PrivateFrameworks/GenerationalStorage.framework/Versions/A/GenerationalStorage
0x000000002fae7000 	/System/Library/Frameworks/OpenGL.framework/Versions/A/OpenGL
0x000000002fae7000 	/System/Library/Frameworks/CoreImage.framework/Versions/A/CoreImage
0x000000002fae7000 	/System/Library/Frameworks/CoreText.framework/Versions/A/CoreText
0x000000002fae7000 	/System/Library/Frameworks/ImageIO.framework/Versions/A/ImageIO
0x000000002fae7000 	/System/Library/PrivateFrameworks/Backup.framework/Versions/A/Backup
0x000000002fae7000 	/usr/lib/libarchive.2.dylib
0x000000002fae7000 	/System/Library/Frameworks/CFNetwork.framework/Versions/A/CFNetwork
0x000000002fae7000 	/System/Library/Frameworks/SystemConfiguration.framework/Versions/A/SystemConfiguration
0x000000002fae7000 	/usr/lib/libCRFSuite.dylib
0x000000002fae7000 	/usr/lib/libc++.1.dylib
0x000000002fae7000 	/usr/lib/libc++abi.dylib
0x000000002fae7000 	/usr/lib/system/libcache.dylib
0x000000002fae7000 	/usr/lib/system/libcommonCrypto.dylib
0x000000002fae7000 	/usr/lib/system/libcompiler_rt.dylib
0x000000002fae7000 	/usr/lib/system/libcopyfile.dylib
0x000000002fae7000 	/usr/lib/system/libcorecrypto.dylib
0x000000002fae7000 	/usr/lib/system/libdispatch.dylib
0x000000002fae7000 	/usr/lib/system/libdyld.dylib
0x000000002fae7000 	/usr/lib/system/libkeymgr.dylib
0x000000002fae7000 	/usr/lib/system/liblaunch.dylib
0x000000002fae7000 	/usr/lib/system/libmacho.dylib
0x000000002fae7000 	/usr/lib/system/libquarantine.dylib
0x000000002fae7000 	/usr/lib/system/libremovefile.dylib
0x000000002fae7000 	/usr/lib/system/libsystem_asl.dylib
0x000000002fae7000 	/usr/lib/system/libsystem_blocks.dylib
0x000000002fae7000 	/usr/lib/system/libsystem_c.dylib
0x000000002fae7000 	/usr/lib/system/libsystem_configuration.dylib
0x000000002fae7000 	/usr/lib/system/libsystem_coreservices.dylib
0x000000002fae7000 	/usr/lib/system/libsystem_coretls.dylib
0x000000002fae7000 	/usr/lib/system/libsystem_dnssd.dylib
0x000000002fae7000 	/usr/lib/system/libsystem_info.dylib
0x000000002fae7000 	/usr/lib/system/libsystem_kernel.dylib
0x000000002fae7000 	/usr/lib/system/libsystem_m.dylib
0x000000002fae7000 	/usr/lib/system/libsystem_malloc.dylib
0x000000002fae7000 	/usr/lib/system/libsystem_network.dylib
0x000000002fae7000 	/usr/lib/system/libsystem_networkextension.dylib
0x000000002fae7000 	/usr/lib/system/libsystem_notify.dylib
0x000000002fae7000 	/usr/lib/system/libsystem_platform.dylib
0x000000002fae7000 	/usr/lib/system/libsystem_pthread.dylib
0x000000002fae7000 	/usr/lib/system/libsystem_sandbox.dylib
0x000000002fae7000 	/usr/lib/system/libsystem_secinit.dylib
0x000000002fae7000 	/usr/lib/system/libsystem_symptoms.dylib
0x000000002fae7000 	/usr/lib/system/libsystem_trace.dylib
0x000000002fae7000 	/usr/lib/system/libunwind.dylib
0x000000002fae7000 	/usr/lib/system/libxpc.dylib
0x000000002fae7000 	/usr/lib/libbsm.0.dylib
0x000000002fae7000 	/usr/lib/system/libkxld.dylib
0x000000002fae7000 	/usr/lib/libcoretls.dylib
0x000000002fae7000 	/usr/lib/libcoretls_cfhelpers.dylib
0x000000002fae7000 	/usr/lib/libOpenScriptingUtil.dylib
0x000000002fae7000 	/usr/lib/libpam.2.dylib
0x000000002fae7000 	/usr/lib/libsqlite3.dylib
0x000000002fae7000 	/usr/lib/libxar.1.dylib
0x000000002fae7000 	/usr/lib/libbz2.1.0.dylib
0x000000002fae7000 	/usr/lib/liblzma.5.dylib
0x000000002fae7000 	/usr/lib/libnetwork.dylib
0x000000002fae7000 	/usr/lib/libpcap.A.dylib
0x000000002fae7000 	/System/Library/Frameworks/CoreServices.framework/Versions/A/Frameworks/FSEvents.framework/Versions/A/FSEvents
0x000000002fae7000 	/System/Library/Frameworks/CoreServices.framework/Versions/A/Frameworks/CarbonCore.framework/Versions/A/CarbonCore
0x000000002fae7000 	/System/Library/Frameworks/CoreServices.framework/Versions/A/Frameworks/Metadata.framework/Versions/A/Metadata
0x000000002fae7000 	/System/Library/Frameworks/CoreServices.framework/Versions/A/Frameworks/OSServices.framework/Versions/A/OSServices
0x000000002fae7000 	/System/Library/Frameworks/CoreServices.framework/Versions/A/Frameworks/SearchKit.framework/Versions/A/SearchKit
0x000000002fae7000 	/System/Library/Frameworks/CoreServices.framework/Versions/A/Frameworks/AE.framework/Versions/A/AE
0x000000002fae7000 	/System/Library/Frameworks/CoreServices.framework/Versions/A/Frameworks/LaunchServices.framework/Versions/A/LaunchServices
0x000000002fae7000 	/System/Library/Frameworks/CoreServices.framework/Versions/A/Frameworks/DictionaryServices.framework/Versions/A/DictionaryServices
0x000000002fae7000 	/System/Library/Frameworks/CoreServices.framework/Versions/A/Frameworks/SharedFileList.framework/Versions/A/SharedFileList
0x000000002fae7000 	/System/Library/Frameworks/NetFS.framework/Versions/A/NetFS
0x000000002fae7000 	/System/Library/PrivateFrameworks/NetAuth.framework/Versions/A/NetAuth
0x000000002fae7000 	/System/Library/PrivateFrameworks/login.framework/Versions/A/Frameworks/loginsupport.framework/Versions/A/loginsupport
0x000000002fae7000 	/System/Library/PrivateFrameworks/TCC.framework/Versions/A/TCC
0x000000002fae7000 	/usr/lib/libmecabra.dylib
0x000000002fae7000 	/System/Library/Frameworks/ApplicationServices.framework/Versions/A/Frameworks/ATS.framework/Versions/A/ATS
0x000000002fae7000 	/System/Library/Frameworks/ApplicationServices.framework/Versions/A/Frameworks/ColorSync.framework/Versions/A/ColorSync
0x000000002fae7000 	/System/Library/Frameworks/ApplicationServices.framework/Versions/A/Frameworks/HIServices.framework/Versions/A/HIServices
0x000000002fae7000 	/System/Library/Frameworks/ApplicationServices.framework/Versions/A/Frameworks/LangAnalysis.framework/Versions/A/LangAnalysis
0x000000002fae7000 	/System/Library/Frameworks/ApplicationServices.framework/Versions/A/Frameworks/PrintCore.framework/Versions/A/PrintCore
0x000000002fae7000 	/System/Library/Frameworks/ApplicationServices.framework/Versions/A/Frameworks/QD.framework/Versions/A/QD
0x000000002fae7000 	/System/Library/Frameworks/ApplicationServices.framework/Versions/A/Frameworks/SpeechSynthesis.framework/Versions/A/SpeechSynthesis
0x000000002fae7000 	/System/Library/Frameworks/Accelerate.framework/Versions/A/Frameworks/vImage.framework/Versions/A/vImage
0x000000002fae7000 	/System/Library/Frameworks/Accelerate.framework/Versions/A/Frameworks/vecLib.framework/Versions/A/vecLib
0x000000002fae7000 	/System/Library/Frameworks/Accelerate.framework/Versions/A/Frameworks/vecLib.framework/Versions/A/libvDSP.dylib
0x000000002fae7000 	/System/Library/Frameworks/Accelerate.framework/Versions/A/Frameworks/vecLib.framework/Versions/A/libBNNS.dylib
0x000000002fae7000 	/System/Library/Frameworks/Accelerate.framework/Versions/A/Frameworks/vecLib.framework/Versions/A/libQuadrature.dylib
0x000000002fae7000 	/System/Library/Frameworks/Accelerate.framework/Versions/A/Frameworks/vecLib.framework/Versions/A/libvMisc.dylib
0x000000002fae7000 	/System/Library/Frameworks/Accelerate.framework/Versions/A/Frameworks/vecLib.framework/Versions/A/libLAPACK.dylib
0x000000002fae7000 	/System/Library/Frameworks/Accelerate.framework/Versions/A/Frameworks/vecLib.framework/Versions/A/libBLAS.dylib
0x000000002fae7000 	/System/Library/Frameworks/Accelerate.framework/Versions/A/Frameworks/vecLib.framework/Versions/A/libLinearAlgebra.dylib
0x000000002fae7000 	/System/Library/Frameworks/Accelerate.framework/Versions/A/Frameworks/vecLib.framework/Versions/A/libSparseBLAS.dylib
0x000000002fae7000 	/System/Library/Frameworks/ApplicationServices.framework/Versions/A/Frameworks/ATS.framework/Versions/A/Resources/libFontParser.dylib
0x000000002fae7000 	/System/Library/Frameworks/ApplicationServices.framework/Versions/A/Frameworks/ATS.framework/Versions/A/Resources/libFontRegistry.dylib
0x000000002fae7000 	/System/Library/Frameworks/ImageIO.framework/Versions/A/Resources/libJPEG.dylib
0x000000002fae7000 	/System/Library/Frameworks/ImageIO.framework/Versions/A/Resources/libTIFF.dylib
0x000000002fae7000 	/System/Library/Frameworks/ImageIO.framework/Versions/A/Resources/libPng.dylib
0x000000002fae7000 	/System/Library/Frameworks/ImageIO.framework/Versions/A/Resources/libGIF.dylib
0x000000002fae7000 	/System/Library/Frameworks/ImageIO.framework/Versions/A/Resources/libJP2.dylib
0x000000002fae7000 	/System/Library/Frameworks/ImageIO.framework/Versions/A/Resources/libRadiance.dylib
0x000000002fae7000 	/usr/lib/libcompression.dylib
0x000000002fae7000 	/System/Library/PrivateFrameworks/AppleJPEG.framework/Versions/A/AppleJPEG
0x000000002fae7000 	/usr/lib/libcups.2.dylib
0x000000002fae7000 	/System/Library/Frameworks/Kerberos.framework/Versions/A/Kerberos
0x000000002fae7000 	/System/Library/Frameworks/GSS.framework/Versions/A/GSS
0x000000002fae7000 	/usr/lib/libresolv.9.dylib
0x000000002fae7000 	/usr/lib/libiconv.2.dylib
0x000000002fae7000 	/System/Library/PrivateFrameworks/Heimdal.framework/Versions/A/Heimdal
0x000000002fae7000 	/usr/lib/libheimdal-asn1.dylib
0x000000002fae7000 	/System/Library/Frameworks/OpenDirectory.framework/Versions/A/OpenDirectory
0x000000002fae7000 	/System/Library/PrivateFrameworks/CommonAuth.framework/Versions/A/CommonAuth
0x000000002fae7000 	/System/Library/Frameworks/OpenDirectory.framework/Versions/A/Frameworks/CFOpenDirectory.framework/Versions/A/CFOpenDirectory
0x000000002fae7000 	/System/Library/Frameworks/SecurityFoundation.framework/Versions/A/SecurityFoundation
0x000000002fae7000 	/System/Library/PrivateFrameworks/LanguageModeling.framework/Versions/A/LanguageModeling
0x000000002fae7000 	/usr/lib/libmarisa.dylib
0x000000002fae7000 	/usr/lib/libChineseTokenizer.dylib
0x000000002fae7000 	/usr/lib/libcmph.dylib
0x000000002fae7000 	/System/Library/PrivateFrameworks/CoreEmoji.framework/Versions/A/CoreEmoji
0x000000002fae7000 	/System/Library/Frameworks/ServiceManagement.framework/Versions/A/ServiceManagement
0x000000002fae7000 	/usr/lib/libxslt.1.dylib
0x000000002fae7000 	/System/Library/Frameworks/Carbon.framework/Versions/A/Frameworks/Ink.framework/Versions/A/Ink
0x000000002fae7000 	/System/Library/PrivateFrameworks/TextureIO.framework/Versions/A/TextureIO
0x000000002fae7000 	/System/Library/Frameworks/Metal.framework/Versions/A/Metal
0x000000002fae7000 	/usr/lib/libate.dylib
0x000000002fae7000 	/System/Library/PrivateFrameworks/GPUCompiler.framework/libmetal_timestamp.dylib
0x000000002fae7000 	/System/Library/Frameworks/OpenGL.framework/Versions/A/Libraries/libCoreFSCache.dylib
0x000000002fae7000 	/System/Library/PrivateFrameworks/IOAccelerator.framework/Versions/A/IOAccelerator
0x000000002fae7000 	/System/Library/Frameworks/CoreVideo.framework/Versions/A/CoreVideo
0x000000002fae7000 	/usr/lib/libFosl_dynamic.dylib
0x000000002fae7000 	/System/Library/PrivateFrameworks/MetalPerformanceShaders.framework/Versions/A/MetalPerformanceShaders
0x000000002fae7000 	/System/Library/PrivateFrameworks/FaceCore.framework/Versions/A/FaceCore
0x000000002fae7000 	/System/Library/Frameworks/OpenCL.framework/Versions/A/OpenCL
0x000000002fae7000 	/System/Library/Frameworks/OpenGL.framework/Versions/A/Libraries/libGLU.dylib
0x000000002fae7000 	/System/Library/Frameworks/OpenGL.framework/Versions/A/Libraries/libGFXShared.dylib
0x000000002fae7000 	/System/Library/Frameworks/OpenGL.framework/Versions/A/Libraries/libGL.dylib
0x000000002fae7000 	/System/Library/Frameworks/OpenGL.framework/Versions/A/Libraries/libGLImage.dylib
0x000000002fae7000 	/System/Library/Frameworks/OpenGL.framework/Versions/A/Libraries/libCVMSPluginSupport.dylib
0x000000002fae7000 	/System/Library/Frameworks/OpenGL.framework/Versions/A/Libraries/libCoreVMClient.dylib
0x000000002fae7000 	/System/Library/PrivateFrameworks/CrashReporterSupport.framework/Versions/A/CrashReporterSupport
0x000000002fae7000 	/System/Library/PrivateFrameworks/Sharing.framework/Versions/A/Sharing
0x000000002fae7000 	/System/Library/PrivateFrameworks/IconServices.framework/Versions/A/IconServices
0x000000002fae7000 	/System/Library/PrivateFrameworks/ProtocolBuffer.framework/Versions/A/ProtocolBuffer
0x000000002fae7000 	/System/Library/PrivateFrameworks/Apple80211.framework/Versions/A/Apple80211
0x000000002fae7000 	/System/Library/Frameworks/CoreWLAN.framework/Versions/A/CoreWLAN
0x000000002fae7000 	/System/Library/PrivateFrameworks/CoreUtils.framework/Versions/A/CoreUtils
0x000000002fae7000 	/System/Library/Frameworks/IOBluetooth.framework/Versions/A/IOBluetooth
0x000000002fae7000 	/System/Library/PrivateFrameworks/CoreWiFi.framework/Versions/A/CoreWiFi
0x000000002fae7000 	/System/Library/Frameworks/CoreBluetooth.framework/Versions/A/CoreBluetooth
0x000000002fae7000 	/System/Library/Frameworks/CoreDisplay.framework/Versions/A/CoreDisplay
0x000000002fae7000 	/System/Library/PrivateFrameworks/IOPresentment.framework/Versions/A/IOPresentment
0x000000002fae7000 	/System/Library/PrivateFrameworks/DSExternalDisplay.framework/Versions/A/DSExternalDisplay
0x000000002fae7000 	/System/Library/PrivateFrameworks/DebugSymbols.framework/Versions/A/DebugSymbols
0x000000002fae7000 	/System/Library/PrivateFrameworks/CoreSymbolication.framework/Versions/A/CoreSymbolication
0x000000002fae7000 	/System/Library/PrivateFrameworks/Symbolication.framework/Versions/A/Symbolication
0x000000002fae7000 	/System/Library/PrivateFrameworks/AppleFSCompression.framework/Versions/A/AppleFSCompression
0x000000002fae7000 	/System/Library/PrivateFrameworks/SpeechRecognitionCore.framework/Versions/A/SpeechRecognitionCore
0x000000002fae7000 	/System/Library/PrivateFrameworks/ChunkingLibrary.framework/Versions/A/ChunkingLibrary
0x000000010e000000 	/Library/Java/JavaVirtualMachines/jdk1.8.0_20.jdk/Contents/Home/jre/lib/server/libjvm.dylib
0x000000002fae7000 	/usr/lib/libstdc++.6.dylib
0x000000010d765000 	/Library/Java/JavaVirtualMachines/jdk1.8.0_20.jdk/Contents/Home/jre/lib/libverify.dylib
0x000000010d773000 	/Library/Java/JavaVirtualMachines/jdk1.8.0_20.jdk/Contents/Home/jre/lib/libjava.dylib
0x000000010d7b1000 	/Library/Java/JavaVirtualMachines/jdk1.8.0_20.jdk/Contents/Home/jre/lib/libzip.dylib
0x000000010d7e3000 	/System/Library/Frameworks/JavaVM.framework/Frameworks/JavaRuntimeSupport.framework/JavaRuntimeSupport
0x00000001248ed000 	/System/Library/Frameworks/JavaVM.framework/Versions/A/Frameworks/JavaNativeFoundation.framework/Versions/A/JavaNativeFoundation
0x000000011062a000 	/System/Library/Frameworks/JavaVM.framework/Versions/A/JavaVM
0x000000002fae7000 	/System/Library/Frameworks/Carbon.framework/Versions/A/Carbon
0x0000000124902000 	/System/Library/PrivateFrameworks/JavaLaunching.framework/Versions/A/JavaLaunching
0x000000002fae7000 	/System/Library/Frameworks/Carbon.framework/Versions/A/Frameworks/CommonPanels.framework/Versions/A/CommonPanels
0x000000002fae7000 	/System/Library/Frameworks/Carbon.framework/Versions/A/Frameworks/Help.framework/Versions/A/Help
0x000000002fae7000 	/System/Library/Frameworks/Carbon.framework/Versions/A/Frameworks/ImageCapture.framework/Versions/A/ImageCapture
0x000000002fae7000 	/System/Library/Frameworks/Carbon.framework/Versions/A/Frameworks/OpenScripting.framework/Versions/A/OpenScripting
0x000000002fae7000 	/System/Library/Frameworks/Carbon.framework/Versions/A/Frameworks/Print.framework/Versions/A/Print
0x000000002fae7000 	/System/Library/Frameworks/Carbon.framework/Versions/A/Frameworks/SecurityHI.framework/Versions/A/SecurityHI
0x00000001262bd000 	/Library/Java/JavaVirtualMachines/jdk1.8.0_20.jdk/Contents/Home/jre/lib/libprism_es2.dylib
0x0000000126320000 	/System/Library/Frameworks/OpenGL.framework/Resources/GLEngine.bundle/GLEngine
0x000000002fae7000 	/System/Library/Frameworks/OpenGL.framework/Versions/A/Libraries/libGLProgrammability.dylib
0x0000000126505000 	/System/Library/Extensions/AppleIntelBDWGraphicsGLDriver.bundle/Contents/MacOS/AppleIntelBDWGraphicsGLDriver
0x000000002fae7000 	/System/Library/PrivateFrameworks/GPUSupport.framework/Versions/A/Libraries/libGPUSupportMercury.dylib
0x0000000126c72000 	/System/Library/Frameworks/OpenGL.framework/Resources//GLRendererFloat.bundle/GLRendererFloat
0x000000002fae7000 	/System/Library/Frameworks/OpenCL.framework/Versions/A/Libraries/libcldcpuengine.dylib
0x000000002fae7000 	/usr/lib/libcrypto.0.9.8.dylib
0x000000002fae7000 	/System/Library/PrivateFrameworks/TrustEvaluationAgent.framework/Versions/A/TrustEvaluationAgent
0x0000000127095000 	/Library/Java/JavaVirtualMachines/jdk1.8.0_20.jdk/Contents/Home/jre/lib/libglass.dylib
0x000000002fae7000 	/System/Library/PrivateFrameworks/CoreServicesInternal.framework/Versions/A/CoreServicesInternal
0x000000002fae7000 	/System/Library/CoreServices/RawCamera.bundle/Contents/MacOS/RawCamera
0x000000002fae7000 	/System/Library/Frameworks/Accelerate.framework/Versions/A/Frameworks/vImage.framework/Versions/A/Libraries/libCGInterfaces.dylib
0x000000002fae7000 	/System/Library/PrivateFrameworks/FamilyControls.framework/Versions/A/FamilyControls
0x000000002fae7000 	/System/Library/PrivateFrameworks/CommerceKit.framework/Versions/A/Frameworks/CommerceCore.framework/Versions/A/CommerceCore
0x000000002fae7000 	/System/Library/PrivateFrameworks/SystemAdministration.framework/Versions/A/SystemAdministration
0x000000002fae7000 	/System/Library/PrivateFrameworks/AppContainer.framework/Versions/A/AppContainer
0x000000002fae7000 	/System/Library/PrivateFrameworks/SecCodeWrapper.framework/Versions/A/SecCodeWrapper
0x000000002fae7000 	/System/Library/Frameworks/DirectoryService.framework/Versions/A/DirectoryService
0x000000002fae7000 	/System/Library/PrivateFrameworks/DiskImages.framework/Versions/A/DiskImages
0x000000002fae7000 	/System/Library/PrivateFrameworks/LoginUIKit.framework/Versions/A/Frameworks/LoginUICore.framework/Versions/A/LoginUICore
0x000000002fae7000 	/usr/lib/libCoreStorage.dylib
0x000000002fae7000 	/usr/lib/libcsfde.dylib
0x000000002fae7000 	/usr/lib/libodfde.dylib
0x000000002fae7000 	/System/Library/Frameworks/DiscRecording.framework/Versions/A/DiscRecording
0x000000002fae7000 	/usr/lib/libcurl.4.dylib
0x000000002fae7000 	/System/Library/PrivateFrameworks/MediaKit.framework/Versions/A/MediaKit
0x000000002fae7000 	/System/Library/PrivateFrameworks/ProtectedCloudStorage.framework/Versions/A/ProtectedCloudStorage
0x000000002fae7000 	/System/Library/PrivateFrameworks/EFILogin.framework/Versions/A/EFILogin
0x000000002fae7000 	/usr/lib/libutil.dylib
0x000000002fae7000 	/System/Library/Frameworks/LDAP.framework/Versions/A/LDAP
0x000000002fae7000 	/usr/lib/libsasl2.2.dylib
0x000000002fae7000 	/System/Library/PrivateFrameworks/CoreDaemon.framework/Versions/B/CoreDaemon
0x000000002fae7000 	/System/Library/PrivateFrameworks/AppleSRP.framework/Versions/A/AppleSRP
0x000000002fae7000 	/System/Library/PrivateFrameworks/APFS.framework/Versions/A/APFS
0x00000001274a7000 	/Library/Java/JavaVirtualMachines/jdk1.8.0_20.jdk/Contents/Home/jre/lib/libmanagement.dylib
0x000000012729a000 	/Library/Java/JavaVirtualMachines/jdk1.8.0_20.jdk/Contents/Home/jre/lib/libnet.dylib
0x00000001272c8000 	/Library/Java/JavaVirtualMachines/jdk1.8.0_20.jdk/Contents/Home/jre/lib/libnio.dylib
0x000000002fae7000 	/System/Library/Frameworks/ApplicationServices.framework/Versions/A/Frameworks/ATS.framework/Versions/A/Resources/libTrueTypeScaler.dylib
0x000000012afef000 	/System/Library/Extensions/AppleIntelBDWGraphicsMTLDriver.bundle/Contents/MacOS/AppleIntelBDWGraphicsMTLDriver
0x0000000129e8a000 	/Library/Java/JavaVirtualMachines/jdk1.8.0_20.jdk/Contents/Home/jre/lib/libjavafx_font.dylib
0x000000002fae7000 	/System/Library/PrivateFrameworks/ViewBridge.framework/Versions/A/ViewBridge
0x000000002fae7000 	/System/Library/PrivateFrameworks/XPCService.framework/Versions/A/XPCService
0x000000002fae7000 	/System/Library/PrivateFrameworks/AppSandbox.framework/Versions/A/AppSandbox
0x000000002fae7000 	/usr/lib/libsandbox.1.dylib
0x000000002fae7000 	/usr/lib/libMatch.1.dylib

VM Arguments:
jvm_args: -Dfile.encoding=UTF-8 
java_command: assignment1.GUI
java_class_path (initial): /Library/Java/JavaVirtualMachines/jdk1.8.0_20.jdk/Contents/Home/jre/lib/resources.jar:/Library/Java/JavaVirtualMachines/jdk1.8.0_20.jdk/Contents/Home/jre/lib/rt.jar:/Library/Java/JavaVirtualMachines/jdk1.8.0_20.jdk/Contents/Home/jre/lib/jsse.jar:/Library/Java/JavaVirtualMachines/jdk1.8.0_20.jdk/Contents/Home/jre/lib/jce.jar:/Library/Java/JavaVirtualMachines/jdk1.8.0_20.jdk/Contents/Home/jre/lib/charsets.jar:/Library/Java/JavaVirtualMachines/jdk1.8.0_20.jdk/Contents/Home/jre/lib/jfr.jar:/Library/Java/JavaVirtualMachines/jdk1.8.0_20.jdk/Contents/Home/jre/lib/ext/cldrdata.jar:/Library/Java/JavaVirtualMachines/jdk1.8.0_20.jdk/Contents/Home/jre/lib/ext/dnsns.jar:/Library/Java/JavaVirtualMachines/jdk1.8.0_20.jdk/Contents/Home/jre/lib/ext/jfxrt.jar:/Library/Java/JavaVirtualMachines/jdk1.8.0_20.jdk/Contents/Home/jre/lib/ext/localedata.jar:/Library/Java/JavaVirtualMachines/jdk1.8.0_20.jdk/Contents/Home/jre/lib/ext/nashorn.jar:/Library/Java/JavaVirtualMachines/jdk1.8.0_20.jdk/Contents/Home/jre/lib/ext/sunec.jar:/Library/Java/JavaVirtualMachines/jdk1.8.0_20.jdk/Contents/Home/jre/lib/ext/sunjce_provider.jar:/Library/Java/JavaVirtualMachines/jdk1.8.0_20.jdk/Contents/Home/jre/lib/ext/sunpkcs11.jar:/Library/Java/JavaVirtualMachines/jdk1.8.0_20.jdk/Contents/Home/jre/lib/ext/zipfs.jar:/System/Library/Java/Extensions/MRJToolkit.jar:/Users/Jryan/git/SoftwareEnterprise1/SoftwareEnterpriseS1/bin:/Users/Jryan/git/SoftwareEnterprise1/SoftwareEnterpriseS1/log4j-api-2.7.jar:/Users/Jryan/git/SoftwareEnterprise1/SoftwareEnterpriseS1/log4j-core-2.7.jar
Launcher Type: SUN_STANDARD

Environment Variables:
PATH=/usr/bin:/bin:/usr/sbin:/sbin
SHELL=/bin/bash

Signal Handlers:
SIGSEGV: [libjvm.dylib+0x578fd7], sa_mask[0]=11111111011111110111111111111111, sa_flags=SA_ONSTACK|SA_RESTART|SA_SIGINFO
SIGBUS: [libjvm.dylib+0x578fd7], sa_mask[0]=11111111011111110111111111111111, sa_flags=SA_RESTART|SA_SIGINFO
SIGFPE: [libjvm.dylib+0x45ab0c], sa_mask[0]=11111111011111110111111111111111, sa_flags=SA_RESTART|SA_SIGINFO
SIGPIPE: [libjvm.dylib+0x45ab0c], sa_mask[0]=11111111011111110111111111111111, sa_flags=SA_RESTART|SA_SIGINFO
SIGXFSZ: [libjvm.dylib+0x45ab0c], sa_mask[0]=11111111011111110111111111111111, sa_flags=SA_RESTART|SA_SIGINFO
SIGILL: [libjvm.dylib+0x45ab0c], sa_mask[0]=11111111011111110111111111111111, sa_flags=SA_RESTART|SA_SIGINFO
SIGUSR1: SIG_DFL, sa_mask[0]=00000000000000000000000000000000, sa_flags=none
SIGUSR2: [libjvm.dylib+0x45a62a], sa_mask[0]=00100000000000000000000000000000, sa_flags=SA_RESTART|SA_SIGINFO
SIGHUP: [libjvm.dylib+0x458bfd], sa_mask[0]=11111111011111110111111111111111, sa_flags=SA_RESTART|SA_SIGINFO
SIGINT: [libjvm.dylib+0x458bfd], sa_mask[0]=11111111011111110111111111111111, sa_flags=SA_RESTART|SA_SIGINFO
SIGTERM: [libjvm.dylib+0x458bfd], sa_mask[0]=11111111011111110111111111111111, sa_flags=SA_RESTART|SA_SIGINFO
SIGQUIT: [libjvm.dylib+0x458bfd], sa_mask[0]=11111111011111110111111111111111, sa_flags=SA_RESTART|SA_SIGINFO


---------------  S Y S T E M  ---------------

OS:Bsduname:Darwin 16.7.0 Darwin Kernel Version 16.7.0: Thu Jun 15 17:36:27 PDT 2017; root:xnu-3789.70.16~2/RELEASE_X86_64 x86_64
rlimit: STACK 8192k, CORE 0k, NPROC 709, NOFILE 10240, AS infinity
load average:1.59 1.72 1.73